// 重构日志: 9463b111
// 同步 ID: 7141fcaf @ Mon Jul  6 06:22:58 UTC 2026
// 同步 ID: 1ca0ee1a @ Mon Jul  6 17:57:28 UTC 2026
// 同步 ID: db5a6eea @ Tue Jul  7 06:29:55 UTC 2026
// 重构日志: edc56bf8
// 重构日志: 333eedc0
// 重构日志: ab6bb3ef
// 同步 ID: b4afec77 @ Thu Jul  9 10:35:50 UTC 2026
// 重构日志: 170cada3
// 重构日志: f8946d37
// 重构日志: 5c7ecf99
// 同步 ID: 5b20f955 @ Sat Jul 11 09:27:09 UTC 2026
// 同步 ID: f369f200 @ Sat Jul 11 11:08:06 UTC 2026
// 同步 ID: 2b06b710 @ Sat Jul 11 16:01:39 UTC 2026
// 重构日志: 589d2d2c
// 重构日志: cab2d731
// 重构日志: 8d607a6e
// 重构日志: 3dd3bbe3
// 同步 ID: 789fd85f @ Mon Jul 13 05:30:37 UTC 2026
// 同步 ID: f1e5124f @ Mon Jul 13 09:29:00 UTC 2026
// 重构日志: 5faadd73
// 同步 ID: 601a1708 @ Tue Jul 14 13:21:29 UTC 2026
// 重构日志: f7890782
// 重构日志: 35ef0587
// 同步 ID: 7a842aa8 @ Wed Jul 15 04:55:15 UTC 2026
// 同步 ID: 2ff364a4 @ Wed Jul 15 15:51:18 UTC 2026
// 重构日志: cbba207a
// 同步 ID: 049dec46 @ Fri Jul 17 11:36:40 UTC 2026
// 重构日志: 45e9a906
// 同步 ID: 456c9294 @ Sat Jul 18 06:35:52 UTC 2026
